<?xml version="1.0" encoding="UTF-8"?>
<!-- Generated by org.testng.reporters.JUnitReportReporter -->
<testsuite hostname="asus" failures="0" tests="5" name="shethsTestPkg.ShethsTestClass" time="32.821" errors="0" timestamp="2023-07-13T20:47:46 IST" skipped="0">
  <testcase classname="shethsTestPkg.ShethsTestClass" name="home" time="7.689"/>
  <system-out/>
  <testcase classname="shethsTestPkg.ShethsTestClass" name="createAccount" time="3.693"/>
  <system-out/>
  <testcase classname="shethsTestPkg.ShethsTestClass" name="register" time="9.627"/>
  <system-out/>
  <testcase classname="shethsTestPkg.ShethsTestClass" name="searchbox" time="10.583"/>
  <system-out/>
  <testcase classname="shethsTestPkg.ShethsTestClass" name="addToCart" time="1.229"/>
  <system-out/>
</testsuite> <!-- shethsTestPkg.ShethsTestClass -->
